# JRE version: OpenJDK Runtime Environment Temurin-21.0.9+10 (21.0.9+10) (build 21.0.9+10-LTS)
# Java VM: OpenJDK 64-Bit Server VM Temurin-21.0.9+10 (21.0.9+10-LTS, mixed mode, sharing, tiered, compressed oops, compressed class ptrs, parallel gc, windows-amd64)
GC Precious Log:
 CardTable entry size: 512
 CPUs: 8 total, 8 available
 Memory: 7979M
 Large Page Support: Disabled
 NUMA Support: Disabled
 Compressed Oops: Enabled (32-bit)
 Alignments: Space 512K, Generation 512K, Heap 2M
 Heap Min Capacity: 100M
 Heap Initial Capacity: 100M
 Heap Max Capacity: 2G
 Pre-touch: Disabled
 Parallel Workers: 8
Heap:
 PSYoungGen      total 18944K, used 10864K [0x00000000d5580000, 0x00000000d6c80000, 0x0000000100000000)
  eden space 17408K, 53% used [0x00000000d5580000,0x00000000d5ea1800,0x00000000d6680000)
  from space 1536K, 98% used [0x00000000d6780000,0x00000000d68fa880,0x00000000d6900000)
  to   space 3072K, 0% used [0x00000000d6980000,0x00000000d6980000,0x00000000d6c80000)
 ParOldGen       total 68608K, used 37392K [0x0000000080000000, 0x0000000084300000, 0x00000000d5580000)
  object space 68608K, 54% used [0x0000000080000000,0x00000000824840a8,0x0000000084300000)
 Metaspace       used 62331K, committed 63808K, reserved 1114112K
  class space    used 6590K, committed 7232K, reserved 1048576K
GC Heap History (20 events):
Event: 97.118 GC heap before
{Heap before GC invocations=31 (full 2):
 PSYoungGen      total 19968K, used 19488K [0x00000000d5580000, 0x00000000d6d00000, 0x0000000100000000)
  eden space 18944K, 100% used [0x00000000d5580000,0x00000000d6800000,0x00000000d6800000)
  from space 1024K, 53% used [0x00000000d6c00000,0x00000000d6c88000,0x00000000d6d00000)
  to   space 1024K, 0% used [0x00000000d6b00000,0x00000000d6b00000,0x00000000d6c00000)
 ParOldGen       total 68608K, used 35878K [0x0000000080000000, 0x0000000084300000, 0x00000000d5580000)
  object space 68608K, 52% used [0x0000000080000000,0x0000000082309988,0x0000000084300000)
 Metaspace       used 54738K, committed 55936K, reserved 1114112K
  class space    used 5836K, committed 6336K, reserved 1048576K
}
Event: 97.121 GC heap after
{Heap after GC invocations=31 (full 2):
 PSYoungGen      total 19968K, used 576K [0x00000000d5580000, 0x00000000d6c80000, 0x0000000100000000)
  eden space 18944K, 0% used [0x00000000d5580000,0x00000000d5580000,0x00000000d6800000)
  from space 1024K, 56% used [0x00000000d6b00000,0x00000000d6b90000,0x00000000d6c00000)
  to   space 512K, 0% used [0x00000000d6c00000,0x00000000d6c00000,0x00000000d6c80000)
 ParOldGen       total 68608K, used 36358K [0x0000000080000000, 0x0000000084300000, 0x00000000d5580000)
  object space 68608K, 52% used [0x0000000080000000,0x0000000082381988,0x0000000084300000)
 Metaspace       used 54738K, committed 55936K, reserved 1114112K
  class space    used 5836K, committed 6336K, reserved 1048576K
}
Event: 97.240 GC heap before
{Heap before GC invocations=32 (full 2):
 PSYoungGen      total 19968K, used 19520K [0x00000000d5580000, 0x00000000d6c80000, 0x0000000100000000)
  eden space 18944K, 100% used [0x00000000d5580000,0x00000000d6800000,0x00000000d6800000)
  from space 1024K, 56% used [0x00000000d6b00000,0x00000000d6b90000,0x00000000d6c00000)
  to   space 512K, 0% used [0x00000000d6c00000,0x00000000d6c00000,0x00000000d6c80000)
 ParOldGen       total 68608K, used 36358K [0x0000000080000000, 0x0000000084300000, 0x00000000d5580000)
  object space 68608K, 52% used [0x0000000080000000,0x0000000082381988,0x0000000084300000)
 Metaspace       used 54738K, committed 55936K, reserved 1114112K
  class space    used 5836K, committed 6336K, reserved 1048576K
}
Event: 97.241 GC heap after
{Heap after GC invocations=32 (full 2):
 PSYoungGen      total 19456K, used 512K [0x00000000d5580000, 0x00000000d6c80000, 0x0000000100000000)
  eden space 18944K, 0% used [0x00000000d5580000,0x00000000d5580000,0x00000000d6800000)
  from space 512K, 100% used [0x00000000d6c00000,0x00000000d6c80000,0x00000000d6c80000)
  to   space 1536K, 0% used [0x00000000d6980000,0x00000000d6980000,0x00000000d6b00000)
 ParOldGen       total 68608K, used 36814K [0x0000000080000000, 0x0000000084300000, 0x00000000d5580000)
  object space 68608K, 53% used [0x0000000080000000,0x00000000823f3998,0x0000000084300000)
 Metaspace       used 54738K, committed 55936K, reserved 1114112K
  class space    used 5836K, committed 6336K, reserved 1048576K
}
Event: 97.710 GC heap before
{Heap before GC invocations=33 (full 2):
 PSYoungGen      total 19456K, used 19456K [0x00000000d5580000, 0x00000000d6c80000, 0x0000000100000000)
  eden space 18944K, 100% used [0x00000000d5580000,0x00000000d6800000,0x00000000d6800000)
  from space 512K, 100% used [0x00000000d6c00000,0x00000000d6c80000,0x00000000d6c80000)
  to   space 1536K, 0% used [0x00000000d6980000,0x00000000d6980000,0x00000000d6b00000)
 ParOldGen       total 68608K, used 36814K [0x0000000080000000, 0x0000000084300000, 0x00000000d5580000)
  object space 68608K, 53% used [0x0000000080000000,0x00000000823f3998,0x0000000084300000)
 Metaspace       used 54755K, committed 55936K, reserved 1114112K
  class space    used 5836K, committed 6336K, reserved 1048576K
}
Event: 97.714 GC heap after
{Heap after GC invocations=33 (full 2):
 PSYoungGen      total 20480K, used 1516K [0x00000000d5580000, 0x00000000d6d00000, 0x0000000100000000)
  eden space 18944K, 0% used [0x00000000d5580000,0x00000000d5580000,0x00000000d6800000)
  from space 1536K, 98% used [0x00000000d6980000,0x00000000d6afb010,0x00000000d6b00000)
  to   space 2048K, 0% used [0x00000000d6b00000,0x00000000d6b00000,0x00000000d6d00000)
 ParOldGen       total 68608K, used 37486K [0x0000000080000000, 0x0000000084300000, 0x00000000d5580000)
  object space 68608K, 54% used [0x0000000080000000,0x000000008249b998,0x0000000084300000)
 Metaspace       used 54755K, committed 55936K, reserved 1114112K
  class space    used 5836K, committed 6336K, reserved 1048576K
}
Event: 99.580 GC heap before
{Heap before GC invocations=34 (full 2):
 PSYoungGen      total 20480K, used 20448K [0x00000000d5580000, 0x00000000d6d00000, 0x0000000100000000)
  eden space 18944K, 99% used [0x00000000d5580000,0x00000000d67fd180,0x00000000d6800000)
  from space 1536K, 98% used [0x00000000d6980000,0x00000000d6afb010,0x00000000d6b00000)
  to   space 2048K, 0% used [0x00000000d6b00000,0x00000000d6b00000,0x00000000d6d00000)
 ParOldGen       total 68608K, used 37486K [0x0000000080000000, 0x0000000084300000, 0x00000000d5580000)
  object space 68608K, 54% used [0x0000000080000000,0x000000008249b998,0x0000000084300000)
 Metaspace       used 56271K, committed 57600K, reserved 1114112K
  class space    used 5981K, committed 6528K, reserved 1048576K
}
Event: 99.588 GC heap after
{Heap after GC invocations=34 (full 2):
 PSYoungGen      total 19456K, used 2040K [0x00000000d5580000, 0x00000000d7100000, 0x0000000100000000)
  eden space 17408K, 0% used [0x00000000d5580000,0x00000000d5580000,0x00000000d6680000)
  from space 2048K, 99% used [0x00000000d6b00000,0x00000000d6cfe1a8,0x00000000d6d00000)
  to   space 4608K, 0% used [0x00000000d6680000,0x00000000d6680000,0x00000000d6b00000)
 ParOldGen       total 68608K, used 39335K [0x0000000080000000, 0x0000000084300000, 0x00000000d5580000)
  object space 68608K, 57% used [0x0000000080000000,0x0000000082669cb8,0x0000000084300000)
 Metaspace       used 56271K, committed 57600K, reserved 1114112K
  class space    used 5981K, committed 6528K, reserved 1048576K
}
Event: 101.420 GC heap before
{Heap before GC invocations=35 (full 2):
 PSYoungGen      total 19456K, used 19448K [0x00000000d5580000, 0x00000000d7100000, 0x0000000100000000)
  eden space 17408K, 100% used [0x00000000d5580000,0x00000000d6680000,0x00000000d6680000)
  from space 2048K, 99% used [0x00000000d6b00000,0x00000000d6cfe1a8,0x00000000d6d00000)
  to   space 4608K, 0% used [0x00000000d6680000,0x00000000d6680000,0x00000000d6b00000)
 ParOldGen       total 68608K, used 39335K [0x0000000080000000, 0x0000000084300000, 0x00000000d5580000)
  object space 68608K, 57% used [0x0000000080000000,0x0000000082669cb8,0x0000000084300000)
 Metaspace       used 57612K, committed 59008K, reserved 1114112K
  class space    used 6166K, committed 6720K, reserved 1048576K
}
Event: 101.430 GC heap after
{Heap after GC invocations=35 (full 2):
 PSYoungGen      total 20992K, used 3149K [0x00000000d5580000, 0x00000000d6d80000, 0x0000000100000000)
  eden space 17408K, 0% used [0x00000000d5580000,0x00000000d5580000,0x00000000d6680000)
  from space 3584K, 87% used [0x00000000d6680000,0x00000000d69936c8,0x00000000d6a00000)
  to   space 3584K, 0% used [0x00000000d6a00000,0x00000000d6a00000,0x00000000d6d80000)
 ParOldGen       total 68608K, used 41347K [0x0000000080000000, 0x0000000084300000, 0x00000000d5580000)
  object space 68608K, 60% used [0x0000000080000000,0x0000000082860db8,0x0000000084300000)
 Metaspace       used 57612K, committed 59008K, reserved 1114112K
  class space    used 6166K, committed 6720K, reserved 1048576K
}
Event: 101.822 GC heap before
{Heap before GC invocations=36 (full 2):
 PSYoungGen      total 20992K, used 10309K [0x00000000d5580000, 0x00000000d6d80000, 0x0000000100000000)
  eden space 17408K, 41% used [0x00000000d5580000,0x00000000d5c7df98,0x00000000d6680000)
  from space 3584K, 87% used [0x00000000d6680000,0x00000000d69936c8,0x00000000d6a00000)
  to   space 3584K, 0% used [0x00000000d6a00000,0x00000000d6a00000,0x00000000d6d80000)
 ParOldGen       total 68608K, used 41347K [0x0000000080000000, 0x0000000084300000, 0x00000000d5580000)
  object space 68608K, 60% used [0x0000000080000000,0x0000000082860db8,0x0000000084300000)
 Metaspace       used 58451K, committed 59776K, reserved 1114112K
  class space    used 6223K, committed 6784K, reserved 1048576K
}
Event: 101.825 GC heap after
{Heap after GC invocations=36 (full 2):
 PSYoungGen      total 18432K, used 576K [0x00000000d5580000, 0x00000000d6b00000, 0x0000000100000000)
  eden space 17408K, 0% used [0x00000000d5580000,0x00000000d5580000,0x00000000d6680000)
  from space 1024K, 56% used [0x00000000d6a00000,0x00000000d6a90020,0x00000000d6b00000)
  to   space 2048K, 0% used [0x00000000d6700000,0x00000000d6700000,0x00000000d6900000)
 ParOldGen       total 68608K, used 42213K [0x0000000080000000, 0x0000000084300000, 0x00000000d5580000)
  object space 68608K, 61% used [0x0000000080000000,0x0000000082939488,0x0000000084300000)
 Metaspace       used 58451K, committed 59776K, reserved 1114112K
  class space    used 6223K, committed 6784K, reserved 1048576K
}
Event: 101.825 GC heap before
{Heap before GC invocations=37 (full 3):
 PSYoungGen      total 18432K, used 576K [0x00000000d5580000, 0x00000000d6b00000, 0x0000000100000000)
  eden space 17408K, 0% used [0x00000000d5580000,0x00000000d5580000,0x00000000d6680000)
  from space 1024K, 56% used [0x00000000d6a00000,0x00000000d6a90020,0x00000000d6b00000)
  to   space 2048K, 0% used [0x00000000d6700000,0x00000000d6700000,0x00000000d6900000)
 ParOldGen       total 68608K, used 42213K [0x0000000080000000, 0x0000000084300000, 0x00000000d5580000)
  object space 68608K, 61% used [0x0000000080000000,0x0000000082939488,0x0000000084300000)
 Metaspace       used 58451K, committed 59776K, reserved 1114112K
  class space    used 6223K, committed 6784K, reserved 1048576K
}
Event: 101.963 GC heap after
{Heap after GC invocations=37 (full 3):
 PSYoungGen      total 18432K, used 0K [0x00000000d5580000, 0x00000000d6b00000, 0x0000000100000000)
  eden space 17408K, 0% used [0x00000000d5580000,0x00000000d5580000,0x00000000d6680000)
  from space 1024K, 0% used [0x00000000d6a00000,0x00000000d6a00000,0x00000000d6b00000)
  to   space 2048K, 0% used [0x00000000d6700000,0x00000000d6700000,0x00000000d6900000)
 ParOldGen       total 68608K, used 35272K [0x0000000080000000, 0x0000000084300000, 0x00000000d5580000)
  object space 68608K, 51% used [0x0000000080000000,0x00000000822720c8,0x0000000084300000)
 Metaspace       used 58451K, committed 59776K, reserved 1114112K
  class space    used 6223K, committed 6784K, reserved 1048576K
}
Event: 104.688 GC heap before
{Heap before GC invocations=38 (full 3):
 PSYoungGen      total 18432K, used 17408K [0x00000000d5580000, 0x00000000d6b00000, 0x0000000100000000)
  eden space 17408K, 100% used [0x00000000d5580000,0x00000000d6680000,0x00000000d6680000)
  from space 1024K, 0% used [0x00000000d6a00000,0x00000000d6a00000,0x00000000d6b00000)
  to   space 2048K, 0% used [0x00000000d6700000,0x00000000d6700000,0x00000000d6900000)
 ParOldGen       total 68608K, used 35272K [0x0000000080000000, 0x0000000084300000, 0x00000000d5580000)
  object space 68608K, 51% used [0x0000000080000000,0x00000000822720c8,0x0000000084300000)
 Metaspace       used 59988K, committed 61376K, reserved 1114112K
  class space    used 6369K, committed 6976K, reserved 1048576K
}
Event: 104.693 GC heap after
{Heap after GC invocations=38 (full 3):
 PSYoungGen      total 19456K, used 1361K [0x00000000d5580000, 0x00000000d6a80000, 0x0000000100000000)
  eden space 17408K, 0% used [0x00000000d5580000,0x00000000d5580000,0x00000000d6680000)
  from space 2048K, 66% used [0x00000000d6700000,0x00000000d6854498,0x00000000d6900000)
  to   space 1536K, 0% used [0x00000000d6900000,0x00000000d6900000,0x00000000d6a80000)
 ParOldGen       total 68608K, used 35280K [0x0000000080000000, 0x0000000084300000, 0x00000000d5580000)
  object space 68608K, 51% used [0x0000000080000000,0x00000000822740c8,0x0000000084300000)
 Metaspace       used 59988K, committed 61376K, reserved 1114112K
  class space    used 6369K, committed 6976K, reserved 1048576K
}
Event: 105.517 GC heap before
{Heap before GC invocations=39 (full 3):
 PSYoungGen      total 19456K, used 17621K [0x00000000d5580000, 0x00000000d6a80000, 0x0000000100000000)
  eden space 17408K, 93% used [0x00000000d5580000,0x00000000d6561220,0x00000000d6680000)
  from space 2048K, 66% used [0x00000000d6700000,0x00000000d6854498,0x00000000d6900000)
  to   space 1536K, 0% used [0x00000000d6900000,0x00000000d6900000,0x00000000d6a80000)
 ParOldGen       total 68608K, used 35280K [0x0000000080000000, 0x0000000084300000, 0x00000000d5580000)
  object space 68608K, 51% used [0x0000000080000000,0x00000000822740c8,0x0000000084300000)
 Metaspace       used 60901K, committed 62272K, reserved 1114112K
  class space    used 6438K, committed 7040K, reserved 1048576K
}
Event: 105.520 GC heap after
{Heap after GC invocations=39 (full 3):
 PSYoungGen      total 18944K, used 1406K [0x00000000d5580000, 0x00000000d6a80000, 0x0000000100000000)
  eden space 17408K, 0% used [0x00000000d5580000,0x00000000d5580000,0x00000000d6680000)
  from space 1536K, 91% used [0x00000000d6900000,0x00000000d6a5f870,0x00000000d6a80000)
  to   space 1536K, 0% used [0x00000000d6780000,0x00000000d6780000,0x00000000d6900000)
 ParOldGen       total 68608K, used 36197K [0x0000000080000000, 0x0000000084300000, 0x00000000d5580000)
  object space 68608K, 52% used [0x0000000080000000,0x0000000082359790,0x0000000084300000)
 Metaspace       used 60901K, committed 62272K, reserved 1114112K
  class space    used 6438K, committed 7040K, reserved 1048576K
}
Event: 105.927 GC heap before
{Heap before GC invocations=40 (full 3):
 PSYoungGen      total 18944K, used 18814K [0x00000000d5580000, 0x00000000d6a80000, 0x0000000100000000)
  eden space 17408K, 100% used [0x00000000d5580000,0x00000000d6680000,0x00000000d6680000)
  from space 1536K, 91% used [0x00000000d6900000,0x00000000d6a5f870,0x00000000d6a80000)
  to   space 1536K, 0% used [0x00000000d6780000,0x00000000d6780000,0x00000000d6900000)
 ParOldGen       total 68608K, used 36197K [0x0000000080000000, 0x0000000084300000, 0x00000000d5580000)
  object space 68608K, 52% used [0x0000000080000000,0x0000000082359790,0x0000000084300000)
 Metaspace       used 61180K, committed 62528K, reserved 1114112K
  class space    used 6488K, committed 7104K, reserved 1048576K
}
Event: 105.930 GC heap after
{Heap after GC invocations=40 (full 3):
 PSYoungGen      total 18944K, used 1514K [0x00000000d5580000, 0x00000000d6c80000, 0x0000000100000000)
  eden space 17408K, 0% used [0x00000000d5580000,0x00000000d5580000,0x00000000d6680000)
  from space 1536K, 98% used [0x00000000d6780000,0x00000000d68fa880,0x00000000d6900000)
  to   space 3072K, 0% used [0x00000000d6980000,0x00000000d6980000,0x00000000d6c80000)
 ParOldGen       total 68608K, used 37392K [0x0000000080000000, 0x0000000084300000, 0x00000000d5580000)
  object space 68608K, 54% used [0x0000000080000000,0x00000000824840a8,0x0000000084300000)
 Metaspace       used 61180K, committed 62528K, reserved 1114112K
  class space    used 6488K, committed 7104K, reserved 1048576K
}

